<?xml version="1.0" encoding="UTF-8"?>
<testsuite name="com.example.project.TestBook" tests="3" skipped="0" failures="0" errors="0" timestamp="2025-01-27T17:35:09" hostname="codespaces-44d01b" time="0.116">
  <properties/>
  <testcase name="testBookInfo()" classname="com.example.project.TestBook" time="0.094"/>
  <testcase name="testBookConstructor()" classname="com.example.project.TestBook" time="0.011"/>
  <testcase name="testSetters()" classname="com.example.project.TestBook" time="0.001"/>
  <system-out><![CDATA[]]></system-out>
  <system-err><![CDATA[]]></system-err>
</testsuite>
